<?xml version="1.0" encoding="UTF-8"?>
<!-- Generated by org.testng.reporters.JUnitReportReporter -->
<testsuite skipped="0" hostname="DESKTOP-QO8NR3E" name="Page_objects.Browser_launch" tests="1" failures="0" timestamp="2021-04-24T00:32:47 IST" time="5.663" errors="0">
  <testcase name="test12" time="5.663" classname="Page_objects.Browser_launch"/>
  <system-out/>
</testsuite> <!-- Page_objects.Browser_launch -->
